{"name": "test_complete_flow", "status": "failed", "statusDetails": {"message": "AssertionError: Expected login to fail for user 'testuser1' but it didn't\nassert False", "trace": "page = <Page url='https://parabank.parasoft.com/parabank/login.htm'>\nconfig = {'base_url': 'https://parabank.parasoft.com/parabank/', 'browser': 'chromium', 'headless': False, 'timeout': 7000}\n\n    def test_complete_flow(page, config):\n        \"\"\"\n        Complete test flow: Invalid attempts -> Register -> Valid login\n        \"\"\"\n        test_class = TestLoginAndRegisterFlow()\n        test_class.setup_method()\n    \n        # Phase 1: Test invalid credentials\n>       test_class.test_01_login_with_invalid_credentials(page, config)\n\ngalway_girl.py:211: \n_ _ _ _ _ _ _ _ _ _ _ _ _ _ _ _ _ _ _ _ _ _ _ _ _ _ _ _ _ _ _ _ _ _ _ _ _ _ _ _ _ _ _ _ _ _ _ _ _ _ _ _ _ _ _ _ _ _ _ _ _ _ _ _ _ \n\nself = <galway_girl.TestLoginAndRegisterFlow object at 0x000001421F41EBA0>\npage = <Page url='https://parabank.parasoft.com/parabank/login.htm'>\nconfig = {'base_url': 'https://parabank.parasoft.com/parabank/', 'browser': 'chromium', 'headless': False, 'timeout': 7000}\n\n    def test_01_login_with_invalid_credentials(self, page, config):\n        \"\"\"\n        Test login with multiple invalid credential combinations.\n        These are expected to fail.\n        \"\"\"\n        print(\"\\n\" + \"=\"*80)\n        print(\"PHASE 1: TESTING INVALID LOGIN CREDENTIALS\")\n        print(\"=\"*80)\n    \n        login = Login_Page(page, config[\"base_url\"])\n    \n        for idx, creds in enumerate(self.invalid_credentials, 1):\n            username = creds[\"username\"]\n            password = creds[\"password\"]\n    \n            print(f\"\\nAttempt {idx}:\")\n            print(f\"  Username: {username}\")\n            print(f\"  Password: {password}\")\n    \n            self.attempted_usernames.append(username)\n    \n            # Open login page\n            login.open()\n            page.wait_for_timeout(500)\n    \n            # Try to login\n            login.login(username, password)\n            page.wait_for_timeout(1000)\n    \n            # Check if login failed (as expected)\n            is_failed = login.is_login_failed()\n            print(f\"  Result: {'❌ LOGIN FAILED (Expected)' if is_failed else '⚠️ Login may have succeeded'}\")\n    \n            # Assert that login failed\n>           assert is_failed, f\"Expected login to fail for user '{username}' but it didn't\"\nE           AssertionError: Expected login to fail for user 'testuser1' but it didn't\nE           assert False\n\ngalway_girl.py:65: AssertionError"}, "description": "\n    Complete test flow: Invalid attempts -> Register -> Valid login\n    ", "attachments": [{"name": "Failure - test_complete_flow", "source": "7fd5e5b1-4cad-4d69-b033-a0ec50b0a4f6-attachment.png", "type": "image/png"}], "start": 1771857018205, "stop": 1771857021740, "uuid": "9ab0874d-ed0e-4f45-9003-3e2fc60861e3", "historyId": "1195afad9923dbe8d1e8538cc768d725", "testCaseId": "1195afad9923dbe8d1e8538cc768d725", "fullName": "galway_girl#test_complete_flow", "labels": [{"name": "suite", "value": "galway_girl"}, {"name": "host", "value": "DESKTOP-A5941F1"}, {"name": "thread", "value": "12336-MainThread"}, {"name": "framework", "value": "pytest"}, {"name": "language", "value": "cpython3"}, {"name": "package", "value": "galway_girl"}], "titlePath": ["galway_girl.py"]}